
> tielo-website@0.1.0 dev
> next dev

   ▲ Next.js 15.4.6
   - Local:        http://localhost:3000
   - Network:      http://192.0.0.2:3000
   - Environments: .env.local

 ✓ Starting...
 ✓ Ready in 1582ms
 ✓ Compiled /middleware in 267ms (218 modules)
 ○ Compiling /api/attendance ...
 ✓ Compiled /api/attendance in 875ms (411 modules)
[dotenv@17.2.1] injecting env (0) from .env.local -- tip: 📡 observe env with Radar: https://dotenvx.com/radar
Authentication error: Error: Unauthorized: User not authenticated
    at authenticateRequest (src/lib/auth.ts:24:12)
    at async POST (src/app/api/attendance/route.ts:14:6)
  22 |     
  23 |     if (!userId) {
> 24 |       throw new Error('Unauthorized: User not authenticated');
     |            ^
  25 |     }
  26 |     
  27 |     // Get user details separately
 POST /api/attendance 401 in 1458ms
 ✓ Compiled in 207ms (186 modules)
 ○ Compiling / ...
 ✓ Compiled / in 2.1s (1147 modules)
 GET / 200 in 2583ms
 ⚠ The "images.domains" configuration is deprecated. Please use "images.remotePatterns" configuration instead.
 ○ Compiling /careers ...
 ✓ Compiled /careers in 824ms (1172 modules)
 GET /careers 200 in 963ms
 ✓ Compiled /api/jobs in 175ms (1199 modules)
[dotenv@17.2.1] injecting env (0) from .env.local -- tip: 🛠️  run anywhere with `dotenvx run -- yourcommand`
Error fetching jobs: [Error: querySrv ETIMEOUT _mongodb._tcp.tielo.fmnn3sm.mongodb.net] {
  errno: undefined,
  code: 'ETIMEOUT',
  syscall: 'querySrv',
  hostname: '_mongodb._tcp.tielo.fmnn3sm.mongodb.net'
}
Error fetching jobs: [Error: querySrv ETIMEOUT _mongodb._tcp.tielo.fmnn3sm.mongodb.net] {
  errno: undefined,
  code: 'ETIMEOUT',
  syscall: 'querySrv',
  hostname: '_mongodb._tcp.tielo.fmnn3sm.mongodb.net'
}
 GET /api/jobs 500 in 51283ms
 GET /api/jobs 500 in 31155ms
 ✓ Compiled in 448ms (442 modules)
 ⨯ SyntaxError: Unexpected end of JSON input
    at JSON.parse (<anonymous>) {
  page: '/careers'
}
 ○ Compiling /_error ...
 ✓ Compiled /_error in 892ms (1526 modules)
 GET /careers 500 in 1437ms
 GET /careers 200 in 132ms
 GET /careers 200 in 12ms
 GET /careers 200 in 318ms
[dotenv@17.2.1] injecting env (0) from .env.local -- tip: 📡 auto-backup env with Radar: https://dotenvx.com/radar
 ✓ Compiled in 317ms (589 modules)
 ✓ Compiled in 254ms (589 modules)
 GET /careers 200 in 168ms
 GET /careers 200 in 71ms
 ✓ Compiled in 281ms (589 modules)
 GET /careers 200 in 19ms
 ✓ Compiled in 597ms (589 modules)
 GET /careers 200 in 17ms
Error fetching jobs: [Error: querySrv ETIMEOUT _mongodb._tcp.tielo.fmnn3sm.mongodb.net] {
  errno: undefined,
  code: 'ETIMEOUT',
  syscall: 'querySrv',
  hostname: '_mongodb._tcp.tielo.fmnn3sm.mongodb.net'
}
 GET /api/jobs 500 in 52278ms
<w> [webpack.cache.PackFileCacheStrategy] Caching failed for pack: Error: ENOENT: no such file or directory, rename '/Users/mayankbambal/Desktop/tielo/.next/cache/webpack/client-development/9.pack.gz_' -> '/Users/mayankbambal/Desktop/tielo/.next/cache/webpack/client-development/9.pack.gz'
 GET /careers 200 in 157ms
 ✓ Compiled /api/jobs in 475ms (855 modules)
 ✓ Compiled (867 modules)
[dotenv@17.2.1] injecting env (0) from .env.local -- tip: ⚙️  load multiple .env files with { path: ['.env.local', '.env'] }
 GET /favicon.ico 200 in 738ms
 GET /api/jobs 200 in 5041ms
Error fetching jobs: [Error: querySrv ETIMEOUT _mongodb._tcp.tielo.fmnn3sm.mongodb.net] {
  errno: undefined,
  code: 'ETIMEOUT',
  syscall: 'querySrv',
  hostname: '_mongodb._tcp.tielo.fmnn3sm.mongodb.net'
}
 ✓ Compiled in 646ms (588 modules)
 ✓ Compiled in 426ms (588 modules)
 ✓ Compiled in 402ms (588 modules)
 ✓ Compiled in 577ms (588 modules)
 ✓ Compiled in 1087ms (588 modules)
 ○ Compiling /api/voice-commands/process ...
 ✓ Compiled /api/voice-commands/process in 1762ms (1663 modules)
[dotenv@17.2.1] injecting env (0) from .env.local -- tip: ⚙️  override existing env vars with { override: true }
Extracting intent from text: "to apply for leave."
Extracted intent: {
  intent: 'request_leave',
  confidence: 0.95,
  parameters: {},
  original_text: 'to apply for leave.',
  suggested_response: "I'll open the leave request page for you to apply for leave.",
  user_id: 'user_31NRmnerZ9OmuwNaVlQbapLFZjK'
}
Parsing command with intent: request_leave
Parsed command: {
  intent: {
    intent: 'request_leave',
    confidence: 0.95,
    parameters: {},
    original_text: 'to apply for leave.',
    suggested_response: "I'll open the leave request page for you to apply for leave.",
    user_id: 'user_31NRmnerZ9OmuwNaVlQbapLFZjK'
  },
  action: 'navigate_to_leave_page',
  apiEndpoint: '/hr/portal/leaves',
  method: 'GET',
  payload: {
    userId: 'user_31NRmnerZ9OmuwNaVlQbapLFZjK',
    action: 'navigate',
    destination: '/hr/portal/leaves'
  },
  requiresAuth: true,
  userRole: 'employee'
}
Executing command: navigate_to_leave_page -> GET /hr/portal/leaves
Command payload: {
  userId: 'user_31NRmnerZ9OmuwNaVlQbapLFZjK',
  action: 'navigate',
  destination: '/hr/portal/leaves'
}
Navigation action detected, calling handleNavigationAction
Handling navigation action: {
  intent: {
    intent: 'request_leave',
    confidence: 0.95,
    parameters: {},
    original_text: 'to apply for leave.',
    suggested_response: "I'll open the leave request page for you to apply for leave.",
    user_id: 'user_31NRmnerZ9OmuwNaVlQbapLFZjK'
  },
  action: 'navigate_to_leave_page',
  apiEndpoint: '/hr/portal/leaves',
  method: 'GET',
  payload: {
    userId: 'user_31NRmnerZ9OmuwNaVlQbapLFZjK',
    action: 'navigate',
    destination: '/hr/portal/leaves'
  },
  requiresAuth: true,
  userRole: 'employee'
}
Navigation result: {
  success: true,
  message: 'Navigating to /hr/portal/leaves',
  data: {
    action: 'navigate',
    destination: '/hr/portal/leaves',
    requiresClientNavigation: true
  },
  action: 'navigate_to_leave_page',
  timestamp: 2025-08-17T04:37:53.792Z
}
Command execution result: {
  success: true,
  message: 'Navigating to /hr/portal/leaves',
  data: {
    action: 'navigate',
    destination: '/hr/portal/leaves',
    requiresClientNavigation: true
  },
  action: 'navigate_to_leave_page',
  timestamp: 2025-08-17T04:37:53.792Z
}
Normalized transcription confidence from 1.0800000429153442 to 1
Failed to create voice command: [MongooseError: Operation `voiceCommands.insertOne()` buffering timed out after 10000ms]
Failed to store voice command: Error: Voice command creation failed: MongooseError: Operation `voiceCommands.insertOne()` buffering timed out after 10000ms
    at VoiceCommandStorage.createVoiceCommand (src/lib/voiceCommandStorage.ts:69:12)
    at async POST (src/app/api/voice-commands/process/route.ts:178:6)
  67 |     } catch (error) {
  68 |       console.error('Failed to create voice command:', error);
> 69 |       throw new Error(`Voice command creation failed: ${error}`);
     |            ^
  70 |     }
  71 |   }
  72 |   
 POST /api/voice-commands/process 200 in 14842ms
 ✓ Compiled in 870ms (588 modules)
 ○ Compiling /_not-found ...
 ✓ Compiled /_not-found in 638ms (1654 modules)
`x-forwarded-host` header with value `localhost:3000` does not match `origin` header with value `localhost:3001` from a forwarded Server Actions request. Aborting the action.
 ⨯ [Error: Invalid Server Actions request.]
 ⨯ [Error: Invalid Server Actions request.]
 ○ Compiling /_error ...
 ✓ Compiled /_error in 710ms (1741 modules)
 POST /api/voice-commands/process 500 in 5051ms
 ✓ Compiled in 277ms (593 modules)
 ✓ Compiled in 282ms (593 modules)
 ✓ Compiled in 255ms (593 modules)
 ✓ Compiled in 373ms (593 modules)
 ✓ Compiled in 451ms (588 modules)
 ✓ Compiled /_not-found in 386ms (1654 modules)
`x-forwarded-host` header with value `localhost:3000` does not match `origin` header with value `localhost:3001` from a forwarded Server Actions request. Aborting the action.
 ⨯ [Error: Invalid Server Actions request.]
 ⨯ [Error: Invalid Server Actions request.]
 ✓ Compiled /_error in 196ms (1741 modules)
 POST /api/voice-commands/process 500 in 1075ms
 ✓ Compiled in 833ms (593 modules)
 ✓ Compiled in 392ms (593 modules)
 ✓ Compiled in 160ms (593 modules)
 ○ Compiling /api/leaves ...
 ✓ Compiled /api/leaves in 826ms (1744 modules)
 ⨯ Error: ENOENT: no such file or directory, open '/Users/mayankbambal/Desktop/tielo/.next/server/vendor-chunks/next.js'
    at <unknown> (.next/server/app/api/leaves/route.js:295:47)
    at Object.<anonymous> (.next/server/app/api/leaves/route.js:298:3) {
  errno: -2,
  code: 'ENOENT',
  syscall: 'open',
  path: '/Users/mayankbambal/Desktop/tielo/.next/server/vendor-chunks/next.js',
  page: '/api/leaves'
}
 ⨯ [Error: ENOENT: no such file or directory, open '/Users/mayankbambal/Desktop/tielo/.next/server/pages/_document.js'] {
  errno: -2,
  code: 'ENOENT',
  syscall: 'open',
  path: '/Users/mayankbambal/Desktop/tielo/.next/server/pages/_document.js'
}
 GET /api/leaves?userId=test 500 in 942ms
 ✓ Compiled in 464ms (589 modules)
 ✓ Compiled in 132ms (589 modules)
 ✓ Compiled in 118ms (589 modules)
 ✓ Compiled in 106ms (589 modules)
 ✓ Compiled in 114ms (589 modules)
 ✓ Compiled in 107ms (588 modules)
 ✓ Compiled in 143ms (588 modules)
 ✓ Compiled in 129ms (588 modules)
 ✓ Compiled in 438ms (1426 modules)
 ✓ Compiled in 152ms (588 modules)
 ✓ Compiled in 137ms (588 modules)
 ✓ Compiled in 173ms (588 modules)
 ✓ Compiled in 143ms (588 modules)
 ✓ Compiled /api/leaves in 377ms (972 modules)
[dotenv@17.2.1] injecting env (0) from .env.local -- tip: 🔐 prevent building .env in docker: https://dotenvx.com/prebuild
Authentication error: Error: Unauthorized: User not authenticated
    at authenticateRequest (src/lib/auth.ts:24:12)
    at async GET (src/app/api/leaves/route.ts:151:6)
  22 |     
  23 |     if (!userId) {
> 24 |       throw new Error('Unauthorized: User not authenticated');
     |            ^
  25 |     }
  26 |     
  27 |     // Get user details separately
 GET /api/leaves?userId=test 401 in 1025ms
 ✓ Compiled in 624ms (588 modules)
 ✓ Compiled in 279ms (588 modules)
 ✓ Compiled in 952ms (1560 modules)
 ✓ Compiled in 195ms (588 modules)
 ✓ Compiled in 157ms (588 modules)
 ✓ Compiled in 272ms (588 modules)
 ✓ Compiled in 529ms (1426 modules)
 ○ Compiling /api/voice-commands/process ...
 ✓ Compiled /api/voice-commands/process in 1202ms (1075 modules)
[dotenv@17.2.1] injecting env (0) from .env.local -- tip: ⚙️  override existing env vars with { override: true }
Extracting intent from text: "Can you apply for leave?"
Extracted intent: {
  intent: 'request_leave',
  confidence: 0.95,
  parameters: {},
  original_text: 'Can you apply for leave?',
  suggested_response: "I'll open the leave request page for you to apply for leave.",
  user_id: 'user_31NRmnerZ9OmuwNaVlQbapLFZjK'
}
Parsing command with intent: request_leave
Parsed command: {
  intent: {
    intent: 'request_leave',
    confidence: 0.95,
    parameters: {},
    original_text: 'Can you apply for leave?',
    suggested_response: "I'll open the leave request page for you to apply for leave.",
    user_id: 'user_31NRmnerZ9OmuwNaVlQbapLFZjK'
  },
  action: 'navigate_to_leave_page',
  apiEndpoint: '/hr/portal/leaves',
  method: 'GET',
  payload: {
    userId: 'user_31NRmnerZ9OmuwNaVlQbapLFZjK',
    action: 'navigate',
    destination: '/hr/portal/leaves'
  },
  requiresAuth: true,
  userRole: 'employee'
}
Executing command: navigate_to_leave_page -> GET /hr/portal/leaves
Command payload: {
  userId: 'user_31NRmnerZ9OmuwNaVlQbapLFZjK',
  action: 'navigate',
  destination: '/hr/portal/leaves'
}
Navigation action detected, calling handleNavigationAction
Handling navigation action: {
  intent: {
    intent: 'request_leave',
    confidence: 0.95,
    parameters: {},
    original_text: 'Can you apply for leave?',
    suggested_response: "I'll open the leave request page for you to apply for leave.",
    user_id: 'user_31NRmnerZ9OmuwNaVlQbapLFZjK'
  },
  action: 'navigate_to_leave_page',
  apiEndpoint: '/hr/portal/leaves',
  method: 'GET',
  payload: {
    userId: 'user_31NRmnerZ9OmuwNaVlQbapLFZjK',
    action: 'navigate',
    destination: '/hr/portal/leaves'
  },
  requiresAuth: true,
  userRole: 'employee'
}
Navigation result: {
  success: true,
  message: 'Navigating to /hr/portal/leaves',
  data: {
    action: 'navigate',
    destination: '/hr/portal/leaves',
    requiresClientNavigation: true
  },
  action: 'navigate_to_leave_page',
  timestamp: 2025-08-17T04:48:49.434Z
}
Command execution result: {
  success: true,
  message: 'Navigating to /hr/portal/leaves',
  data: {
    action: 'navigate',
    destination: '/hr/portal/leaves',
    requiresClientNavigation: true
  },
  action: 'navigate_to_leave_page',
  timestamp: 2025-08-17T04:48:49.434Z
}
Normalized transcription confidence from 2.0999999046325684 to 1
Failed to create voice command: [MongooseError: Operation `voiceCommands.insertOne()` buffering timed out after 10000ms]
Failed to store voice command: Error: Voice command creation failed: MongooseError: Operation `voiceCommands.insertOne()` buffering timed out after 10000ms
    at VoiceCommandStorage.createVoiceCommand (src/lib/voiceCommandStorage.ts:69:12)
    at async POST (src/app/api/voice-commands/process/route.ts:178:6)
  67 |     } catch (error) {
  68 |       console.error('Failed to create voice command:', error);
> 69 |       throw new Error(`Voice command creation failed: ${error}`);
     |            ^
  70 |     }
  71 |   }
  72 |   
 POST /api/voice-commands/process 200 in 15681ms
 ○ Compiling /_not-found ...
 ✓ Compiled /_not-found in 834ms (1654 modules)
 GET /api/voice-commands/process 404 in 1264ms
 ○ Compiling /hr/portal/[[...rest]] ...
 ✓ Compiled /hr/portal/[[...rest]] in 922ms (1422 modules)
 GET /hr/portal 200 in 2079ms
 ✓ Compiled /api/voice-commands/process in 204ms (1081 modules)
[dotenv@17.2.1] injecting env (0) from .env.local -- tip: ⚙️  write to custom object with { processEnv: myObject }
 GET /api/voice-commands/process 405 in 500ms
Authentication error: Error: Unauthorized: User not authenticated
    at authenticateRequest (src/lib/auth.ts:24:12)
    at async POST (src/app/api/voice-commands/process/route.ts:11:30)
  22 |     
  23 |     if (!userId) {
> 24 |       throw new Error('Unauthorized: User not authenticated');
     |            ^
  25 |     }
  26 |     
  27 |     // Get user details separately
Voice command processing failed: Error: Unauthorized: Authentication failed
    at authenticateRequest (src/lib/auth.ts:42:10)
    at async POST (src/app/api/voice-commands/process/route.ts:11:30)
  40 |   } catch (error) {
  41 |     console.error('Authentication error:', error);
> 42 |     throw new Error('Unauthorized: Authentication failed');
     |          ^
  43 |   }
  44 | }
  45 |
 POST /api/voice-commands/process 401 in 145ms
[?25h
